<?xml version="1.0" encoding="UTF-8"?>
<testng-results skipped="0" failed="1" ignored="0" total="1" passed="0">
  <reporter-output>
  </reporter-output>
  <suite name="Default suite" duration-ms="963246" started-at="2018-11-27T05:37:06Z" finished-at="2018-11-27T05:53:10Z">
    <groups>
    </groups>
    <test name="Default test" duration-ms="963246" started-at="2018-11-27T05:37:06Z" finished-at="2018-11-27T05:53:10Z">
      <class name="lk.allianz.emotor.testcases.Smoke_QuotationCreation">
        <test-method status="PASS" signature="setup()[pri:0, instance:lk.allianz.emotor.testcases.Smoke_QuotationCreation@7ed7259e]" name="setup" is-config="true" duration-ms="6841" started-at="2018-11-27T05:37:06Z" finished-at="2018-11-27T05:37:13Z">
          <reporter-output>
          </reporter-output>
        </test-method> <!-- setup -->
        <test-method status="FAIL" signature="test_create_quotation_for_unregistered_vehicle()[pri:0, instance:lk.allianz.emotor.testcases.Smoke_QuotationCreation@7ed7259e]" name="test_create_quotation_for_unregistered_vehicle" duration-ms="950616" started-at="2018-11-27T05:37:13Z" finished-at="2018-11-27T05:53:04Z">
          <exception class="java.util.InputMismatchException">
            <full-stacktrace>
              <![CDATA[java.util.InputMismatchException
at java.util.Scanner.throwFor(Unknown Source)
at java.util.Scanner.next(Unknown Source)
at lk.allianz.emotor.pages.CreateQuotation.getQuotationReferenceNumber(CreateQuotation.java:372)
at lk.allianz.emotor.testcases.Smoke_QuotationCreation.test_create_quotation_for_unregistered_vehicle(Smoke_QuotationCreation.java:227)
at sun.reflect.NativeMethodAccessorImpl.invoke0(Native Method)
at sun.reflect.NativeMethodAccessorImpl.invoke(Unknown Source)
at sun.reflect.DelegatingMethodAccessorImpl.invoke(Unknown Source)
at java.lang.reflect.Method.invoke(Unknown Source)
at org.testng.internal.MethodInvocationHelper.invokeMethod(MethodInvocationHelper.java:124)
at org.testng.internal.Invoker.invokeMethod(Invoker.java:580)
at org.testng.internal.Invoker.invokeTestMethod(Invoker.java:716)
at org.testng.internal.Invoker.invokeTestMethods(Invoker.java:988)
at org.testng.internal.TestMethodWorker.invokeTestMethods(TestMethodWorker.java:125)
at org.testng.internal.TestMethodWorker.run(TestMethodWorker.java:109)
at org.testng.TestRunner.privateRun(TestRunner.java:648)
at org.testng.TestRunner.run(TestRunner.java:505)
at org.testng.SuiteRunner.runTest(SuiteRunner.java:455)
at org.testng.SuiteRunner.runSequentially(SuiteRunner.java:450)
at org.testng.SuiteRunner.privateRun(SuiteRunner.java:415)
at org.testng.SuiteRunner.run(SuiteRunner.java:364)
at org.testng.SuiteRunnerWorker.runSuite(SuiteRunnerWorker.java:52)
at org.testng.SuiteRunnerWorker.run(SuiteRunnerWorker.java:84)
at org.testng.TestNG.runSuitesSequentially(TestNG.java:1208)
at org.testng.TestNG.runSuitesLocally(TestNG.java:1137)
at org.testng.TestNG.runSuites(TestNG.java:1049)
at org.testng.TestNG.run(TestNG.java:1017)
at org.testng.remote.AbstractRemoteTestNG.run(AbstractRemoteTestNG.java:114)
at org.testng.remote.RemoteTestNG.initAndRun(RemoteTestNG.java:251)
at org.testng.remote.RemoteTestNG.main(RemoteTestNG.java:77)
]]>
            </full-stacktrace>
          </exception> <!-- java.util.InputMismatchException -->
          <reporter-output>
          </reporter-output>
        </test-method> <!-- test_create_quotation_for_unregistered_vehicle -->
        <test-method status="PASS" signature="tearDown()[pri:0, instance:lk.allianz.emotor.testcases.Smoke_QuotationCreation@7ed7259e]" name="tearDown" is-config="true" duration-ms="878" started-at="2018-11-27T05:53:04Z" finished-at="2018-11-27T05:53:05Z">
          <reporter-output>
          </reporter-output>
        </test-method> <!-- tearDown -->
      </class> <!-- lk.allianz.emotor.testcases.Smoke_QuotationCreation -->
    </test> <!-- Default test -->
  </suite> <!-- Default suite -->
</testng-results>
