<?xml version="1.0" encoding="UTF-8"?>
<testng-results skipped="0" failed="0" ignored="0" total="1" passed="1">
  <reporter-output>
  </reporter-output>
  <suite name="Default suite" duration-ms="52833" started-at="2018-11-12T09:18:43Z" finished-at="2018-11-12T09:19:35Z">
    <groups>
    </groups>
    <test name="Default test" duration-ms="52833" started-at="2018-11-12T09:18:43Z" finished-at="2018-11-12T09:19:35Z">
      <class name="Emotor555pp.Test_createQuotation">
        <test-method status="PASS" signature="setup()[pri:0, instance:Emotor555pp.Test_createQuotation@57baeedf]" name="setup" is-config="true" duration-ms="6960" started-at="2018-11-12T09:18:43Z" finished-at="2018-11-12T09:18:49Z">
          <reporter-output>
          </reporter-output>
        </test-method> <!-- setup -->
        <test-method status="PASS" signature="testConfirmQuotation()[pri:2, instance:Emotor555pp.Test_createQuotation@57baeedf]" name="testConfirmQuotation" duration-ms="45070" started-at="2018-11-12T09:18:49Z" finished-at="2018-11-12T09:19:35Z">
          <reporter-output>
          </reporter-output>
        </test-method> <!-- testConfirmQuotation -->
        <test-method status="PASS" signature="quit()[pri:0, instance:Emotor555pp.Test_createQuotation@57baeedf]" name="quit" is-config="true" duration-ms="782" started-at="2018-11-12T09:19:35Z" finished-at="2018-11-12T09:19:35Z">
          <reporter-output>
          </reporter-output>
        </test-method> <!-- quit -->
      </class> <!-- Emotor555pp.Test_createQuotation -->
    </test> <!-- Default test -->
  </suite> <!-- Default suite -->
</testng-results>
