<?xml version="1.0" encoding="UTF-8"?>
<testng-results skipped="0" failed="0" ignored="0" total="1" passed="1">
  <reporter-output>
  </reporter-output>
  <suite name="Default suite" duration-ms="180307" started-at="2018-11-21T04:49:52Z" finished-at="2018-11-21T04:52:53Z">
    <groups>
    </groups>
    <test name="Default test" duration-ms="180307" started-at="2018-11-21T04:49:52Z" finished-at="2018-11-21T04:52:53Z">
      <class name="lk.allianz.emotor.testcases.Test_Quotation_Regression">
        <test-method status="PASS" signature="setup()[pri:0, instance:lk.allianz.emotor.testcases.Test_Quotation_Regression@57baeedf]" name="setup" is-config="true" duration-ms="7709" started-at="2018-11-21T04:49:53Z" finished-at="2018-11-21T04:50:00Z">
          <reporter-output>
          </reporter-output>
        </test-method> <!-- setup -->
        <test-method status="PASS" signature="create_quotation_regression()[pri:0, instance:lk.allianz.emotor.testcases.Test_Quotation_Regression@57baeedf]" name="create_quotation_regression" duration-ms="171752" started-at="2018-11-21T04:50:00Z" finished-at="2018-11-21T04:52:52Z">
          <reporter-output>
          </reporter-output>
        </test-method> <!-- create_quotation_regression -->
        <test-method status="PASS" signature="quit()[pri:0, instance:lk.allianz.emotor.testcases.Test_Quotation_Regression@57baeedf]" name="quit" is-config="true" duration-ms="827" started-at="2018-11-21T04:52:52Z" finished-at="2018-11-21T04:52:53Z">
          <reporter-output>
          </reporter-output>
        </test-method> <!-- quit -->
      </class> <!-- lk.allianz.emotor.testcases.Test_Quotation_Regression -->
    </test> <!-- Default test -->
  </suite> <!-- Default suite -->
</testng-results>
