<?xml version="1.0" encoding="UTF-8"?>
<testng-results skipped="0" failed="0" ignored="0" total="1" passed="1">
  <reporter-output>
  </reporter-output>
  <suite name="Default suite" duration-ms="268368" started-at="2018-11-28T10:05:27Z" finished-at="2018-11-28T10:09:55Z">
    <groups>
    </groups>
    <test name="Default test" duration-ms="268368" started-at="2018-11-28T10:05:27Z" finished-at="2018-11-28T10:09:55Z">
      <class name="lk.allianz.emotor.testcases.Test_Quotation_Regression">
        <test-method status="PASS" signature="setup()[pri:0, instance:lk.allianz.emotor.testcases.Test_Quotation_Regression@6eebc39e]" name="setup" is-config="true" duration-ms="6513" started-at="2018-11-28T10:05:27Z" finished-at="2018-11-28T10:05:33Z">
          <reporter-output>
          </reporter-output>
        </test-method> <!-- setup -->
        <test-method status="PASS" signature="create_quotation_regression()[pri:0, instance:lk.allianz.emotor.testcases.Test_Quotation_Regression@6eebc39e]" name="create_quotation_regression" duration-ms="261042" started-at="2018-11-28T10:05:33Z" finished-at="2018-11-28T10:09:54Z">
          <reporter-output>
          </reporter-output>
        </test-method> <!-- create_quotation_regression -->
        <test-method status="PASS" signature="quit()[pri:0, instance:lk.allianz.emotor.testcases.Test_Quotation_Regression@6eebc39e]" name="quit" is-config="true" duration-ms="788" started-at="2018-11-28T10:09:54Z" finished-at="2018-11-28T10:09:55Z">
          <reporter-output>
          </reporter-output>
        </test-method> <!-- quit -->
      </class> <!-- lk.allianz.emotor.testcases.Test_Quotation_Regression -->
    </test> <!-- Default test -->
  </suite> <!-- Default suite -->
</testng-results>
