<?xml version="1.0" encoding="UTF-8"?>
<testng-results skipped="0" failed="0" ignored="0" total="1" passed="1">
  <reporter-output>
  </reporter-output>
  <suite name="Default suite" duration-ms="39711" started-at="2018-10-26T10:06:17Z" finished-at="2018-10-26T10:06:57Z">
    <groups>
    </groups>
    <test name="Default test" duration-ms="39711" started-at="2018-10-26T10:06:17Z" finished-at="2018-10-26T10:06:57Z">
      <class name="Emotor555pp.LoginpageTest">
        <test-method status="PASS" signature="setup()[pri:0, instance:Emotor555pp.LoginpageTest@3ffc5af1]" name="setup" is-config="true" duration-ms="6808" started-at="2018-10-26T10:06:17Z" finished-at="2018-10-26T10:06:24Z">
          <reporter-output>
          </reporter-output>
        </test-method> <!-- setup -->
        <test-method status="PASS" signature="testCreateQuotation()[pri:0, instance:Emotor555pp.LoginpageTest@3ffc5af1]" name="testCreateQuotation" duration-ms="32883" started-at="2018-10-26T10:06:24Z" finished-at="2018-10-26T10:06:57Z">
          <reporter-output>
          </reporter-output>
        </test-method> <!-- testCreateQuotation -->
      </class> <!-- Emotor555pp.LoginpageTest -->
    </test> <!-- Default test -->
  </suite> <!-- Default suite -->
</testng-results>
